2025-09-16 18:54:31,315 INFO utilities.customlogger [MainThread] Starting browser: chrome (headless=True)
2025-09-16 18:54:34,194 INFO utilities.customlogger [MainThread] ------- Starting User Login Test ----------
2025-09-16 18:54:34,194 INFO utilities.customlogger [MainThread] Opening URL: https://opensource-demo.orangehrmlive.com/web/index.php/auth/login
2025-09-16 18:54:38,253 INFO utilities.customlogger [MainThread] Entering username
2025-09-16 18:54:38,867 INFO utilities.customlogger [MainThread] Entering password
2025-09-16 18:54:39,006 INFO utilities.customlogger [MainThread] Clicking login
2025-09-16 18:54:40,913 INFO utilities.customlogger [MainThread] -------Starting add employee Test----------
2025-09-16 18:54:49,697 ERROR utilities.customlogger [MainThread] Test failed - screenshot saved to C:\Users\Admin\PycharmProjects\OrangeHRM\screenshots\failure_test_add_employee_20250916_185449_8a04bc.png
2025-09-16 18:54:49,698 INFO utilities.customlogger [MainThread] Quitting browser
2025-09-16 18:54:52,202 INFO utilities.customlogger [MainThread] Starting browser: chrome (headless=True)
2025-09-16 18:54:53,865 INFO utilities.customlogger [MainThread] ------- Starting User Login Test ----------
2025-09-16 18:54:53,865 INFO utilities.customlogger [MainThread] Opening URL: https://opensource-demo.orangehrmlive.com/web/index.php/auth/login
2025-09-16 18:54:57,595 INFO utilities.customlogger [MainThread] Entering username
2025-09-16 18:54:58,080 INFO utilities.customlogger [MainThread] Entering password
2025-09-16 18:54:58,177 INFO utilities.customlogger [MainThread] Clicking login
2025-09-16 18:55:00,245 INFO utilities.customlogger [MainThread] -------Starting deleting PM record Test----------
2025-09-16 18:55:08,722 ERROR utilities.customlogger [MainThread] Test failed - screenshot saved to C:\Users\Admin\PycharmProjects\OrangeHRM\screenshots\failure_test_delete_record_from_PIM_20250916_185508_e4c8eb.png
2025-09-16 18:55:08,723 INFO utilities.customlogger [MainThread] Quitting browser
2025-09-16 18:55:11,142 INFO utilities.customlogger [MainThread] Starting browser: chrome (headless=True)
2025-09-16 18:55:12,347 INFO utilities.customlogger [MainThread] -------Starting User Login Test----------
2025-09-16 18:55:12,348 INFO utilities.customlogger [MainThread] Opening URL: https://opensource-demo.orangehrmlive.com/web/index.php/auth/login
2025-09-16 18:55:15,803 INFO utilities.customlogger [MainThread] ------- Entering password ----------
2025-09-16 18:55:15,893 INFO utilities.customlogger [MainThread] Clicking login button
2025-09-16 18:55:17,774 INFO utilities.customlogger [MainThread] Quitting browser
2025-09-16 18:55:20,115 INFO utilities.customlogger [MainThread] Starting browser: chrome (headless=True)
2025-09-16 18:55:21,309 INFO utilities.customlogger [MainThread] ------- Starting User Login Test ----------
2025-09-16 18:55:21,309 INFO utilities.customlogger [MainThread] Opening URL: https://opensource-demo.orangehrmlive.com/web/index.php/auth/login
2025-09-16 18:55:24,705 INFO utilities.customlogger [MainThread] Entering username
2025-09-16 18:55:25,226 INFO utilities.customlogger [MainThread] Entering password
2025-09-16 18:55:25,392 INFO utilities.customlogger [MainThread] Clicking login
2025-09-16 18:55:27,150 INFO utilities.customlogger [MainThread] -------Starting User Logout Test----------
2025-09-16 18:55:27,219 INFO utilities.customlogger [MainThread] Clicking logout button
2025-09-16 18:55:29,020 INFO utilities.customlogger [MainThread] Logout successful, login page logo is visible.
2025-09-16 18:55:29,021 INFO utilities.customlogger [MainThread] Quitting browser
